0 verbose cli [ '/usr/local/bin/node', '/usr/local/bin/npm', 'install' ]
1 info using npm@8.3.0
2 info using node@v16.13.1
3 timing npm:load:whichnode Completed in 1ms
4 timing config:load:defaults Completed in 6ms
5 timing config:load:file:/usr/local/lib/node_modules/npm/npmrc Completed in 7ms
6 timing config:load:builtin Completed in 8ms
7 timing config:load:cli Completed in 2ms
8 timing config:load:env Completed in 1ms
9 timing config:load:project Completed in 1ms
10 timing config:load:file:/home/container/.npmrc Completed in 0ms
11 timing config:load:user Completed in 0ms
12 timing config:load:file:/usr/local/etc/npmrc Completed in 0ms
13 timing config:load:global Completed in 0ms
14 timing config:load:validate Completed in 0ms
15 timing config:load:credentials Completed in 2ms
16 timing config:load:setEnvs Completed in 1ms
17 timing config:load Completed in 25ms
18 timing npm:load:configload Completed in 26ms
19 timing npm:load:setTitle Completed in 0ms
20 timing config:load:flatten Completed in 5ms
21 timing npm:load:display Completed in 9ms
22 verbose logfile /home/container/.npm/_logs/2021-12-14T14_10_47_208Z-debug-0.log
23 timing npm:load:logFile Completed in 9ms
24 timing npm:load:timers Completed in 0ms
25 timing npm:load:configScope Completed in 0ms
26 timing npm:load Completed in 46ms
27 timing arborist:ctor Completed in 2ms
28 silly logfile start cleaning logs, removing 1 files
29 timing idealTree:init Completed in 122ms
30 timing idealTree:userRequests Completed in 1ms
31 silly idealTree buildDeps
32 timing idealTree:#root Completed in 1ms
33 timing idealTree:buildDeps Completed in 3ms
34 timing idealTree:fixDepFlags Completed in 1ms
35 timing idealTree Completed in 130ms
36 timing arborist:ctor Completed in 0ms
37 timing reify:loadTrees Completed in 146ms
38 timing reify:diffTrees Completed in 5ms
39 silly reify moves {}
40 timing reify:retireShallow Completed in 1ms
41 timing reify:createSparse Completed in 0ms
42 timing reify:loadBundles Completed in 0ms
43 silly audit bulk request {
43 silly audit   '@discordjs/collection': [ '0.1.6' ],
43 silly audit   '@discordjs/form-data': [ '3.0.1' ],
43 silly audit   'abort-controller': [ '3.0.0' ],
43 silly audit   asynckit: [ '0.4.0' ],
43 silly audit   'combined-stream': [ '1.0.8' ],
43 silly audit   'delayed-stream': [ '1.0.0' ],
43 silly audit   'discord.js': [ '12.5.3' ],
43 silly audit   'event-target-shim': [ '5.0.1' ],
43 silly audit   'mime-db': [ '1.50.0' ],
43 silly audit   'mime-types': [ '2.1.33' ],
43 silly audit   'node-fetch': [ '2.6.5' ],
43 silly audit   'prism-media': [ '1.3.2' ],
43 silly audit   setimmediate: [ '1.0.5' ],
43 silly audit   tr46: [ '0.0.3' ],
43 silly audit   tweetnacl: [ '1.0.3' ],
43 silly audit   'webidl-conversions': [ '3.0.1' ],
43 silly audit   'whatwg-url': [ '5.0.0' ],
43 silly audit   ws: [ '7.5.5' ]
43 silly audit }
44 timing reify:unpack Completed in 6ms
45 timing reify:unretire Completed in 0ms
46 timing build:queue Completed in 0ms
47 timing build:deps Completed in 0ms
48 timing build Completed in 0ms
49 timing reify:build Completed in 2ms
50 timing reify:trash Completed in 0ms
51 timing reify:save Completed in 21ms
52 http fetch POST 200 https://registry.npmjs.org/-/npm/v1/security/advisories/bulk 289ms
53 timing auditReport:getReport Completed in 292ms
54 silly audit report {}
55 timing auditReport:init Completed in 0ms
56 timing reify:audit Completed in 302ms
57 timing reify Completed in 500ms
58 timing command:install Completed in 563ms
59 verbose exit 0
60 timing npm Completed in 1055ms
61 info ok
