0 verbose cli [
0 verbose cli   '/usr/local/bin/node',
0 verbose cli   '/usr/local/bin/npm',
0 verbose cli   'install',
0 verbose cli   'discord.js'
0 verbose cli ]
1 info using npm@8.3.0
2 info using node@v16.13.1
3 timing npm:load:whichnode Completed in 0ms
4 timing config:load:defaults Completed in 2ms
5 timing config:load:file:/usr/local/lib/node_modules/npm/npmrc Completed in 2ms
6 timing config:load:builtin Completed in 2ms
7 timing config:load:cli Completed in 3ms
8 timing config:load:env Completed in 1ms
9 timing config:load:project Completed in 1ms
10 timing config:load:file:/home/container/.npmrc Completed in 0ms
11 timing config:load:user Completed in 1ms
12 timing config:load:file:/usr/local/etc/npmrc Completed in 3ms
13 timing config:load:global Completed in 4ms
14 timing config:load:validate Completed in 0ms
15 timing config:load:credentials Completed in 2ms
16 timing config:load:setEnvs Completed in 1ms
17 timing config:load Completed in 18ms
18 timing npm:load:configload Completed in 19ms
19 timing npm:load:setTitle Completed in 0ms
20 timing config:load:flatten Completed in 6ms
21 timing npm:load:display Completed in 9ms
22 verbose logfile /home/container/.npm/_logs/2021-12-14T19_24_14_983Z-debug-0.log
23 timing npm:load:logFile Completed in 8ms
24 timing npm:load:timers Completed in 0ms
25 timing npm:load:configScope Completed in 0ms
26 timing npm:load Completed in 38ms
27 timing arborist:ctor Completed in 2ms
28 silly logfile start cleaning logs, removing 1 files
29 timing idealTree:init Completed in 59ms
30 timing idealTree:userRequests Completed in 2ms
31 silly idealTree buildDeps
32 silly fetch manifest discord.js@^12.5.3
33 timing arborist:ctor Completed in 0ms
34 http fetch GET 200 https://registry.npmjs.org/discord.js 180ms (cache revalidated)
35 silly placeDep ROOT discord.js@12.5.3 REPLACE for:  want: ^12.5.3
36 timing idealTree:#root Completed in 213ms
37 timing idealTree:node_modules/discord.js Completed in 0ms
38 timing idealTree:buildDeps Completed in 216ms
39 timing idealTree:fixDepFlags Completed in 0ms
40 timing idealTree Completed in 280ms
41 timing reify:loadTrees Completed in 364ms
42 timing reify:diffTrees Completed in 3ms
43 silly reify moves {}
44 timing reify:retireShallow Completed in 0ms
45 timing reify:createSparse Completed in 1ms
46 timing reify:loadBundles Completed in 0ms
47 silly audit bulk request {
47 silly audit   '@discordjs/collection': [ '0.1.6' ],
47 silly audit   '@discordjs/form-data': [ '3.0.1' ],
47 silly audit   'abort-controller': [ '3.0.0' ],
47 silly audit   asynckit: [ '0.4.0' ],
47 silly audit   'combined-stream': [ '1.0.8' ],
47 silly audit   'delayed-stream': [ '1.0.0' ],
47 silly audit   'event-target-shim': [ '5.0.1' ],
47 silly audit   'mime-db': [ '1.50.0' ],
47 silly audit   'mime-types': [ '2.1.33' ],
47 silly audit   'node-fetch': [ '2.6.5' ],
47 silly audit   'prism-media': [ '1.3.2' ],
47 silly audit   setimmediate: [ '1.0.5' ],
47 silly audit   tr46: [ '0.0.3' ],
47 silly audit   tweetnacl: [ '1.0.3' ],
47 silly audit   'webidl-conversions': [ '3.0.1' ],
47 silly audit   'whatwg-url': [ '5.0.0' ],
47 silly audit   ws: [ '7.5.5' ],
47 silly audit   'discord.js': [ '12.5.3' ]
47 silly audit }
48 timing reify:unpack Completed in 0ms
49 timing reify:unretire Completed in 0ms
50 timing build:queue Completed in 0ms
51 timing build:deps Completed in 0ms
52 timing build Completed in 1ms
53 timing reify:build Completed in 2ms
54 timing reify:trash Completed in 0ms
55 timing reify:save Completed in 13ms
56 http fetch POST 200 https://registry.npmjs.org/-/npm/v1/security/advisories/bulk 268ms
57 timing auditReport:getReport Completed in 276ms
58 silly audit report {}
59 timing auditReport:init Completed in 0ms
60 timing reify:audit Completed in 277ms
61 timing reify Completed in 681ms
62 timing command:install Completed in 690ms
63 verbose exit 0
64 timing npm Completed in 1067ms
65 info ok
